<?xml version="1.0" encoding="UTF-8"?>
<!-- Generated by org.testng.reporters.JUnitReportReporter -->
<testsuite hostname="DESKTOP-M0U2U7B" failures="0" tests="3" name="firstGuruTest01.xmlTest$TestGuru99MultipleSession" time="15.771" errors="0" timestamp="2022-10-10T13:18:59 CEST" skipped="0">
  <testcase classname="firstGuruTest01.xmlTest$TestGuru99MultipleSession" name="executeSessionTwo" time="5.150"/>
  <system-out/>
  <testcase classname="firstGuruTest01.xmlTest$TestGuru99MultipleSession" name="executSessionThree" time="4.909"/>
  <system-out/>
  <testcase classname="firstGuruTest01.xmlTest$TestGuru99MultipleSession" name="executSessionOne" time="5.712"/>
  <system-out/>
</testsuite> <!-- firstGuruTest01.xmlTest$TestGuru99MultipleSession -->
