<?xml version="1.0" encoding="UTF-8"?>
<!-- Generated by org.testng.reporters.JUnitReportReporter -->
<testsuite hostname="DESKTOP-M0U2U7B" failures="0" tests="1" name="ecommecrGuru99.eightDay" time="10.669" errors="0" timestamp="2022-11-07T15:48:07 CET" skipped="0">
  <testcase classname="ecommecrGuru99.eightDay" name="f" time="10.669"/>
  <system-out/>
</testsuite> <!-- ecommecrGuru99.eightDay -->
