<?xml version="1.0" encoding="UTF-8"?>
<!-- Generated by org.testng.reporters.JUnitReportReporter -->
<testsuite hostname="DESKTOP-M0U2U7B" failures="0" tests="1" name="rahulacademy.client" time="11.807" errors="0" timestamp="2022-10-23T14:55:52 CEST" skipped="0">
  <testcase classname="rahulacademy.client" name="f" time="11.807"/>
  <system-out/>
</testsuite> <!-- rahulacademy.client -->
