<?xml version="1.0" encoding="UTF-8"?>
<!-- Generated by org.testng.reporters.JUnitReportReporter -->
<testsuite hostname="DESKTOP-M0U2U7B" failures="0" tests="1" name="firstGuruTest01.firstGuruTest001" time="16.749" errors="0" timestamp="2022-09-14T21:49:59 CEST" skipped="0">
  <testcase classname="firstGuruTest01.firstGuruTest001" name="f" time="16.749"/>
  <system-out/>
</testsuite> <!-- firstGuruTest01.firstGuruTest001 -->
