<?xml version="1.0" encoding="UTF-8"?>
<!-- Generated by org.testng.reporters.JUnitReportReporter -->
<testsuite hostname="DESKTOP-M0U2U7B" failures="0" tests="1" name="rahulacademy.NewTest" time="0.016" errors="0" timestamp="2022-11-22T15:05:28 CET" skipped="0">
  <testcase classname="rahulacademy.NewTest" name="f" time="0.016"/>
  <system-out/>
</testsuite> <!-- rahulacademy.NewTest -->
