<?xml version="1.0" encoding="UTF-8"?>
<!-- Generated by org.testng.reporters.JUnitReportReporter -->
<testsuite hostname="DESKTOP-M0U2U7B" failures="0" tests="1" name="ecommecrGuru99.fifthDay" time="23.609" errors="0" timestamp="2022-11-07T12:09:54 CET" skipped="0">
  <testcase classname="ecommecrGuru99.fifthDay" name="f" time="23.609"/>
  <system-out/>
</testsuite> <!-- ecommecrGuru99.fifthDay -->
