<?xml version="1.0" encoding="UTF-8"?>
<!-- Generated by org.testng.reporters.JUnitReportReporter -->
<testsuite hostname="DESKTOP-M0U2U7B" failures="0" tests="1" name="ecommecrGuru99.secondDay" time="8.412" errors="0" timestamp="2022-11-04T22:14:36 CET" skipped="0">
  <testcase classname="ecommecrGuru99.secondDay" name="f" time="8.412"/>
  <system-out/>
</testsuite> <!-- ecommecrGuru99.secondDay -->
