<?xml version="1.0" encoding="UTF-8"?>
<!-- Generated by org.testng.reporters.JUnitReportReporter -->
<testsuite hostname="DESKTOP-M0U2U7B" failures="0" tests="1" name="testClass01.loginTestClass01" time="4.520" errors="0" timestamp="2022-09-15T14:46:34 CEST" skipped="0">
  <testcase classname="testClass01.loginTestClass01" name="f" time="4.520"/>
  <system-out/>
</testsuite> <!-- testClass01.loginTestClass01 -->
