<?xml version="1.0" encoding="UTF-8"?>
<!-- Generated by org.testng.reporters.JUnitReportReporter -->
<testsuite hostname="DESKTOP-M0U2U7B" failures="0" tests="1" name="orangHrmTest.NewTest" time="12.296" errors="0" timestamp="2022-12-04T11:42:34 CET" skipped="0">
  <testcase classname="orangHrmTest.NewTest" name="f" time="12.296"/>
  <system-out/>
</testsuite> <!-- orangHrmTest.NewTest -->
