<?xml version="1.0" encoding="UTF-8"?>
<!-- Generated by org.testng.reporters.JUnitReportReporter -->
<testsuite hostname="DESKTOP-M0U2U7B" failures="0" tests="1" name="orangHrmTest.addEmployee" time="4.740" errors="0" timestamp="2022-12-03T15:45:58 CET" skipped="0">
  <testcase classname="orangHrmTest.addEmployee" name="f" time="4.740"/>
  <system-out/>
</testsuite> <!-- orangHrmTest.addEmployee -->
