<?xml version="1.0" encoding="UTF-8"?>
<!-- Generated by org.testng.reporters.JUnitReportReporter -->
<testsuite hostname="DESKTOP-M0U2U7B" failures="0" tests="1" name="firstGuruTest01.toggleBox" time="6.285" errors="0" timestamp="2022-09-14T23:30:13 CEST" skipped="0">
  <testcase classname="firstGuruTest01.toggleBox" name="f" time="6.285"/>
  <system-out/>
</testsuite> <!-- firstGuruTest01.toggleBox -->
