<?xml version="1.0" encoding="UTF-8"?>
<!-- Generated by org.testng.reporters.JUnitReportReporter -->
<testsuite hostname="DESKTOP-M0U2U7B" failures="0" tests="1" name="ecommecrGuru99.fourthDay" time="18.080" errors="0" timestamp="2022-11-07T11:19:02 CET" skipped="0">
  <testcase classname="ecommecrGuru99.fourthDay" name="f" time="18.080"/>
  <system-out/>
</testsuite> <!-- ecommecrGuru99.fourthDay -->
