<?xml version="1.0" encoding="UTF-8"?>
<!-- Generated by org.testng.reporters.JUnitReportReporter -->
<testsuite hostname="DESKTOP-M0U2U7B" failures="0" tests="1" name="orangHrmPage.orangHrLoginForm" time="4.688" errors="0" timestamp="2022-12-03T12:45:26 CET" skipped="0">
  <testcase classname="orangHrmPage.orangHrLoginForm" name="f" time="4.688"/>
  <system-out/>
</testsuite> <!-- orangHrmPage.orangHrLoginForm -->
